<?xml version="1.0" encoding="UTF-8"?>
<!-- Generated by org.testng.reporters.JUnitReportReporter -->
<testsuite skipped="0" hostname="DESKTOP-B3279NG" name="com.TestNG.TestNG_Flow" tests="3" failures="0" timestamp="30 Aug 2020 10:25:50 GMT" time="0.020" errors="0">
  <testcase name="secondTest" time="0.005" classname="com.TestNG.TestNG_Flow"/>
  <testcase name="firstTest" time="0.006" classname="com.TestNG.TestNG_Flow"/>
  <testcase name="thirdTest" time="0.009" classname="com.TestNG.TestNG_Flow"/>
</testsuite> <!-- com.TestNG.TestNG_Flow -->
