<?xml version="1.0" encoding="UTF-8"?>
<!-- Generated by org.testng.reporters.JUnitReportReporter -->
<testsuite skipped="0" hostname="DESKTOP-B3279NG" name="com.test.AutoComplete" tests="1" failures="0" timestamp="09 Aug 2020 12:24:54 GMT" time="43.387" errors="0">
  <testcase name="handlePopUp" time="43.387" classname="com.test.AutoComplete"/>
</testsuite> <!-- com.test.AutoComplete -->
