<?xml version="1.0" encoding="UTF-8"?>
<!-- Generated by org.testng.reporters.JUnitReportReporter -->
<testsuite skipped="0" hostname="DESKTOP-B3279NG" name="com.test.DropDown" tests="2" failures="0" timestamp="11 Aug 2020 14:00:48 GMT" time="61.369" errors="0">
  <testcase name="dropDownHandle" time="48.964" classname="com.test.DropDown"/>
  <testcase name="dropDownHandle1" time="12.405" classname="com.test.DropDown"/>
</testsuite> <!-- com.test.DropDown -->
