<?xml version="1.0" encoding="UTF-8"?>
<!-- Generated by org.testng.reporters.JUnitReportReporter -->
<testsuite skipped="1" hostname="DESKTOP-B3279NG" name="com.test.RadioButton" tests="3" failures="0" timestamp="09 Aug 2020 12:34:33 GMT" time="43.098" errors="0">
  <testcase name="handleRadioButton" time="21.739" classname="com.test.RadioButton"/>
  <testcase name="handleCheckbox" time="21.359" classname="com.test.RadioButton"/>
  <testcase name="SugarLogin" classname="com.test.RadioButton">
    <skipped/>
  </testcase> <!-- SugarLogin -->
</testsuite> <!-- com.test.RadioButton -->
