<?xml version="1.0" encoding="UTF-8"?>
<!-- Generated by org.testng.reporters.JUnitReportReporter -->
<testsuite skipped="0" hostname="DESKTOP-B3279NG" name="com.TestNG.TestNG" tests="2" failures="0" timestamp="30 Aug 2020 08:03:32 GMT" time="0.079" errors="0">
  <testcase name="secondTest" time="0.014" classname="com.TestNG.TestNG"/>
  <testcase name="firstTest" time="0.065" classname="com.TestNG.TestNG"/>
</testsuite> <!-- com.TestNG.TestNG -->
