<?xml version="1.0" encoding="UTF-8"?>
<!-- Generated by org.testng.reporters.JUnitReportReporter -->
<testsuite hostname="DESKTOP-B3279NG" name="com.test.AutoComplete" tests="1" failures="0" timestamp="11 Aug 2020 04:03:55 GMT" time="224.774" errors="0">
  <testcase name="handlePopUp" time="224.774" classname="com.test.AutoComplete"/>
</testsuite> <!-- com.test.AutoComplete -->
